2024-05-13 11:58:04,672 INFO Starting Nacos v1.4.3 on MingQce with PID 9528 (D:\Works\SpringCloudStudy\nacos\target\nacos-server.jar started by 14203 in D:\Works\SpringCloudStudy\nacos)

2024-05-13 11:58:04,672 INFO The following profiles are active: standalone

2024-05-13 11:58:06,829 INFO Bean 'org.springframework.security.access.expression.method.DefaultMethodSecurityExpressionHandler@768ccdc5' of type [org.springframework.security.access.expression.method.DefaultMethodSecurityExpressionHandler] is not eligible for getting processed by all BeanPostProcessors (for example: not eligible for auto-proxying)

2024-05-13 11:58:06,835 INFO Bean 'methodSecurityMetadataSource' of type [org.springframework.security.access.method.DelegatingMethodSecurityMetadataSource] is not eligible for getting processed by all BeanPostProcessors (for example: not eligible for auto-proxying)

2024-05-13 11:58:07,382 INFO Tomcat initialized with port(s): 8848 (http)

2024-05-13 11:58:07,414 INFO Starting service [Tomcat]

2024-05-13 11:58:07,414 INFO Starting Servlet engine: [Apache Tomcat/9.0.38]

2024-05-13 11:58:07,720 INFO At least one JAR was scanned for TLDs yet contained no TLDs. Enable debug logging for this logger for a complete list of JARs that were scanned but no TLDs were found in them. Skipping unneeded JARs during scanning can improve startup time and JSP compilation time.

2024-05-13 11:58:07,757 INFO Initializing Spring embedded WebApplicationContext

2024-05-13 11:58:07,757 INFO Root WebApplicationContext: initialization completed in 3031 ms

2024-05-13 11:58:08,218 INFO HikariPool-1 - Starting...

2024-05-13 11:58:08,227 WARN Registered driver with driverClassName=org.apache.derby.jdbc.EmbeddedDriver was not found, trying direct instantiation.

2024-05-13 11:58:08,768 INFO HikariPool-1 - Driver does not support get/set network timeout for connections. (Feature not implemented: No details.)

2024-05-13 11:58:08,770 INFO HikariPool-1 - Start completed.

2024-05-13 11:58:09,546 INFO Nacos-related cluster resource initialization

2024-05-13 11:58:09,559 INFO The cluster resource is initialized

2024-05-13 11:58:09,956 INFO Reflections took 30 ms to scan 1 urls, producing 4 keys and 6 values 

2024-05-13 11:58:09,981 INFO Reflections took 4 ms to scan 1 urls, producing 6 keys and 26 values 

2024-05-13 11:58:09,994 INFO Reflections took 4 ms to scan 1 urls, producing 3 keys and 15 values 

2024-05-13 11:58:10,001 INFO Reflections took 2 ms to scan 1 urls, producing 2 keys and 12 values 

2024-05-13 11:58:10,613 INFO Initializing ExecutorService 'applicationTaskExecutor'

2024-05-13 11:58:10,727 INFO Adding welcome page: class path resource [static/index.html]

2024-05-13 11:58:11,023 INFO Creating filter chain: Ant [pattern='/**'], []

2024-05-13 11:58:11,051 INFO Creating filter chain: any request, [org.springframework.security.web.context.request.async.WebAsyncManagerIntegrationFilter@40d60f2, org.springframework.security.web.context.SecurityContextPersistenceFilter@6d2a2560, org.springframework.security.web.header.HeaderWriterFilter@7cfb4736, org.springframework.security.web.csrf.CsrfFilter@7e307087, org.springframework.security.web.authentication.logout.LogoutFilter@4aa11206, org.springframework.security.web.savedrequest.RequestCacheAwareFilter@3811510, org.springframework.security.web.servletapi.SecurityContextHolderAwareRequestFilter@7f2d31af, org.springframework.security.web.authentication.AnonymousAuthenticationFilter@3382cf68, org.springframework.security.web.session.SessionManagementFilter@6a916402, org.springframework.security.web.access.ExceptionTranslationFilter@6bc24e72]

2024-05-13 11:58:11,117 INFO Initializing ExecutorService 'taskScheduler'

2024-05-13 11:58:11,137 INFO Exposing 2 endpoint(s) beneath base path '/actuator'

2024-05-13 11:58:11,214 INFO Tomcat started on port(s): 8848 (http) with context path '/nacos'

2024-05-13 11:58:11,217 INFO Started Nacos in 7.667 seconds (JVM running for 8.167)

2024-05-13 11:58:11,217 INFO Nacos started successfully in stand alone mode. use embedded storage

