2024-05-06 13:39:26,764 INFO use local db service for init

2024-05-06 13:39:27,175 WARN Lexical error at line 4, column 66.  Encountered: <EOF> after : "".

2024-05-06 13:39:27,178 WARN Syntax error: Encountered "*" at line 1, column 1.

2024-05-06 13:39:27,224 WARN Table/View 'CONFIG_INFO' already exists in Schema 'NACOS'.

2024-05-06 13:39:27,303 WARN Table/View 'HIS_CONFIG_INFO' already exists in Schema 'NACOS'.

2024-05-06 13:39:27,329 WARN Table/View 'CONFIG_INFO_BETA' already exists in Schema 'NACOS'.

2024-05-06 13:39:27,340 WARN Table/View 'CONFIG_INFO_TAG' already exists in Schema 'NACOS'.

2024-05-06 13:39:27,352 WARN Table/View 'CONFIG_INFO_AGGR' already exists in Schema 'NACOS'.

2024-05-06 13:39:27,366 WARN Table/View 'APP_LIST' already exists in Schema 'NACOS'.

2024-05-06 13:39:27,377 WARN Table/View 'APP_CONFIGDATA_RELATION_SUBS' already exists in Schema 'NACOS'.

2024-05-06 13:39:27,389 WARN Table/View 'APP_CONFIGDATA_RELATION_PUBS' already exists in Schema 'NACOS'.

2024-05-06 13:39:27,401 WARN Table/View 'CONFIG_TAGS_RELATION' already exists in Schema 'NACOS'.

2024-05-06 13:39:27,421 WARN Table/View 'GROUP_CAPACITY' already exists in Schema 'NACOS'.

2024-05-06 13:39:27,432 WARN Table/View 'TENANT_CAPACITY' already exists in Schema 'NACOS'.

2024-05-06 13:39:27,445 WARN Table/View 'TENANT_INFO' already exists in Schema 'NACOS'.

2024-05-06 13:39:27,462 WARN Table/View 'USERS' already exists in Schema 'NACOS'.

2024-05-06 13:39:27,473 WARN Table/View 'ROLES' already exists in Schema 'NACOS'.

2024-05-06 13:39:27,485 WARN Table/View 'PERMISSIONS' already exists in Schema 'NACOS'.

2024-05-06 13:39:27,555 WARN The statement was aborted because it would have caused a duplicate key value in a unique or primary key constraint or unique index identified by 'SQL240503151723680' defined on 'USERS'.

2024-05-06 13:39:27,569 WARN The statement was aborted because it would have caused a duplicate key value in a unique or primary key constraint or unique index identified by 'UK_USERNAME_ROLE' defined on 'ROLES'.

2024-05-06 13:39:27,569 WARN Lexical error at line 4, column 13.  Encountered: "`" (96), after : "".

2024-05-06 13:39:27,569 WARN Lexical error at line 1, column 13.  Encountered: "`" (96), after : "".

2024-05-06 13:39:27,570 WARN Lexical error at line 1, column 13.  Encountered: "`" (96), after : "".

2024-05-06 13:39:27,570 WARN Lexical error at line 1, column 13.  Encountered: "`" (96), after : "".

2024-05-06 13:39:27,570 INFO use StandaloneDatabaseOperateImpl

2024-05-06 13:57:39,366 INFO use local db service for init

2024-05-06 13:57:39,703 WARN Lexical error at line 4, column 66.  Encountered: <EOF> after : "".

2024-05-06 13:57:39,706 WARN Syntax error: Encountered "*" at line 1, column 1.

2024-05-06 13:57:39,739 WARN Table/View 'CONFIG_INFO' already exists in Schema 'NACOS'.

2024-05-06 13:57:39,802 WARN Table/View 'HIS_CONFIG_INFO' already exists in Schema 'NACOS'.

2024-05-06 13:57:39,825 WARN Table/View 'CONFIG_INFO_BETA' already exists in Schema 'NACOS'.

2024-05-06 13:57:39,837 WARN Table/View 'CONFIG_INFO_TAG' already exists in Schema 'NACOS'.

2024-05-06 13:57:39,848 WARN Table/View 'CONFIG_INFO_AGGR' already exists in Schema 'NACOS'.

2024-05-06 13:57:39,865 WARN Table/View 'APP_LIST' already exists in Schema 'NACOS'.

2024-05-06 13:57:39,876 WARN Table/View 'APP_CONFIGDATA_RELATION_SUBS' already exists in Schema 'NACOS'.

2024-05-06 13:57:39,886 WARN Table/View 'APP_CONFIGDATA_RELATION_PUBS' already exists in Schema 'NACOS'.

2024-05-06 13:57:39,897 WARN Table/View 'CONFIG_TAGS_RELATION' already exists in Schema 'NACOS'.

2024-05-06 13:57:39,911 WARN Table/View 'GROUP_CAPACITY' already exists in Schema 'NACOS'.

2024-05-06 13:57:39,922 WARN Table/View 'TENANT_CAPACITY' already exists in Schema 'NACOS'.

2024-05-06 13:57:39,933 WARN Table/View 'TENANT_INFO' already exists in Schema 'NACOS'.

2024-05-06 13:57:39,945 WARN Table/View 'USERS' already exists in Schema 'NACOS'.

2024-05-06 13:57:39,957 WARN Table/View 'ROLES' already exists in Schema 'NACOS'.

2024-05-06 13:57:39,966 WARN Table/View 'PERMISSIONS' already exists in Schema 'NACOS'.

2024-05-06 13:57:40,003 WARN The statement was aborted because it would have caused a duplicate key value in a unique or primary key constraint or unique index identified by 'SQL240503151723680' defined on 'USERS'.

2024-05-06 13:57:40,012 WARN The statement was aborted because it would have caused a duplicate key value in a unique or primary key constraint or unique index identified by 'UK_USERNAME_ROLE' defined on 'ROLES'.

2024-05-06 13:57:40,012 WARN Lexical error at line 4, column 13.  Encountered: "`" (96), after : "".

2024-05-06 13:57:40,014 WARN Lexical error at line 1, column 13.  Encountered: "`" (96), after : "".

2024-05-06 13:57:40,014 WARN Lexical error at line 1, column 13.  Encountered: "`" (96), after : "".

2024-05-06 13:57:40,014 WARN Lexical error at line 1, column 13.  Encountered: "`" (96), after : "".

2024-05-06 13:57:40,014 INFO use StandaloneDatabaseOperateImpl

