2024-05-08 11:13:53,074 INFO PERFORMANCE:|1|1|-1|-1

2024-05-08 11:18:53,076 INFO PERFORMANCE:|3|5|-1|-1

2024-05-08 11:23:53,078 INFO PERFORMANCE:|4|6|-1|-1

2024-05-08 11:28:53,079 INFO PERFORMANCE:|4|6|-1|-1

2024-05-08 11:33:53,079 INFO PERFORMANCE:|4|6|-1|-1

2024-05-08 11:38:53,080 INFO PERFORMANCE:|4|6|-1|-1

2024-05-08 11:43:53,081 INFO PERFORMANCE:|4|6|-1|-1

2024-05-08 11:48:53,081 INFO PERFORMANCE:|4|6|-1|-1

2024-05-08 11:53:53,082 INFO PERFORMANCE:|4|6|-1|-1

2024-05-08 11:58:53,083 INFO PERFORMANCE:|4|6|-1|-1

2024-05-08 12:03:53,085 INFO PERFORMANCE:|4|6|-1|-1

2024-05-08 12:08:53,085 INFO PERFORMANCE:|4|6|-1|-1

2024-05-08 12:13:53,086 INFO PERFORMANCE:|4|6|-1|-1

2024-05-08 12:18:53,095 INFO PERFORMANCE:|4|6|-1|-1

2024-05-08 12:23:53,096 INFO PERFORMANCE:|4|6|-1|-1

2024-05-08 12:28:53,097 INFO PERFORMANCE:|4|6|-1|-1

2024-05-08 12:33:53,097 INFO PERFORMANCE:|4|6|-1|-1

2024-05-08 12:38:53,099 INFO PERFORMANCE:|4|6|-1|-1

2024-05-08 12:43:53,100 INFO PERFORMANCE:|4|6|-1|-1

2024-05-08 12:48:53,103 INFO PERFORMANCE:|4|6|-1|-1

2024-05-08 12:53:53,103 INFO PERFORMANCE:|4|6|-1|-1

2024-05-08 12:58:53,104 INFO PERFORMANCE:|4|6|-1|-1

2024-05-08 13:03:53,105 INFO PERFORMANCE:|4|6|-1|-1

2024-05-08 13:08:53,106 INFO PERFORMANCE:|4|6|-1|-1

2024-05-08 13:13:53,107 INFO PERFORMANCE:|4|6|-1|-1

2024-05-08 13:18:53,107 INFO PERFORMANCE:|4|6|-1|-1

2024-05-08 13:23:53,107 INFO PERFORMANCE:|4|6|-1|-1

2024-05-08 13:28:53,109 INFO PERFORMANCE:|4|6|-1|-1

2024-05-08 13:33:53,110 INFO PERFORMANCE:|4|6|-1|-1

2024-05-08 13:38:53,112 INFO PERFORMANCE:|4|6|-1|-1

2024-05-08 13:43:53,112 INFO PERFORMANCE:|4|6|-1|-1

2024-05-08 13:48:53,113 INFO PERFORMANCE:|4|6|-1|-1

2024-05-08 13:53:53,114 INFO PERFORMANCE:|4|6|-1|-1

2024-05-08 13:58:53,117 INFO PERFORMANCE:|4|6|-1|-1

2024-05-08 14:03:53,117 INFO PERFORMANCE:|4|6|-1|-1

2024-05-08 14:08:53,117 INFO PERFORMANCE:|4|6|-1|-1

2024-05-08 14:13:53,118 INFO PERFORMANCE:|4|6|-1|-1

2024-05-08 14:18:53,119 INFO PERFORMANCE:|4|6|-1|-1

2024-05-08 14:23:53,121 INFO PERFORMANCE:|4|6|-1|-1

2024-05-08 14:28:53,122 INFO PERFORMANCE:|4|6|-1|-1

2024-05-08 14:33:53,122 INFO PERFORMANCE:|4|6|-1|-1

2024-05-08 14:38:53,124 INFO PERFORMANCE:|4|6|-1|-1

2024-05-08 14:43:53,126 INFO PERFORMANCE:|4|6|-1|-1

2024-05-08 14:48:53,128 INFO PERFORMANCE:|4|6|-1|-1

2024-05-08 14:53:53,128 INFO PERFORMANCE:|4|6|-1|-1

2024-05-08 14:58:53,128 INFO PERFORMANCE:|4|6|-1|-1

2024-05-08 15:03:53,128 INFO PERFORMANCE:|4|6|-1|-1

2024-05-08 15:08:53,130 INFO PERFORMANCE:|4|6|-1|-1

2024-05-08 15:13:53,130 INFO PERFORMANCE:|4|6|-1|-1

2024-05-08 15:18:53,130 INFO PERFORMANCE:|4|6|-1|-1

2024-05-08 15:23:53,131 INFO PERFORMANCE:|4|6|-1|-1

2024-05-08 15:28:53,133 INFO PERFORMANCE:|4|6|-1|-1

2024-05-08 15:33:53,133 INFO PERFORMANCE:|4|6|-1|-1

2024-05-08 15:38:53,135 INFO PERFORMANCE:|4|6|-1|-1

2024-05-08 15:43:53,137 INFO PERFORMANCE:|4|6|-1|-1

2024-05-08 15:48:53,138 INFO PERFORMANCE:|4|6|-1|-1

2024-05-08 15:53:53,139 INFO PERFORMANCE:|4|6|-1|-1

2024-05-08 15:58:53,141 INFO PERFORMANCE:|4|6|-1|-1

2024-05-08 16:03:53,143 INFO PERFORMANCE:|4|2|-1|-1

2024-05-08 16:08:53,144 INFO PERFORMANCE:|2|2|-1|-1

2024-05-08 16:13:53,145 INFO PERFORMANCE:|2|2|-1|-1

2024-05-08 16:18:53,145 INFO PERFORMANCE:|2|2|-1|-1

2024-05-08 16:23:53,146 INFO PERFORMANCE:|2|2|-1|-1

2024-05-08 16:28:53,147 INFO PERFORMANCE:|2|2|-1|-1

2024-05-08 16:33:53,148 INFO PERFORMANCE:|2|2|-1|-1

2024-05-08 16:38:53,149 INFO PERFORMANCE:|2|2|-1|-1

2024-05-08 16:43:53,150 INFO PERFORMANCE:|2|2|-1|-1

2024-05-08 16:48:53,151 INFO PERFORMANCE:|2|2|-1|-1

2024-05-08 16:53:53,152 INFO PERFORMANCE:|2|2|-1|-1

2024-05-08 16:58:53,152 INFO PERFORMANCE:|2|2|-1|-1

2024-05-08 17:03:53,154 INFO PERFORMANCE:|2|2|-1|-1

2024-05-08 17:08:53,156 INFO PERFORMANCE:|2|2|-1|-1

